<?xml version="1.0" encoding="UTF-8"?>
<testsuite xmlns:xsi="http://www.w3.org/2001/XMLSchema-instance" xsi:noNamespaceSchemaLocation="https://maven.apache.org/surefire/maven-surefire-plugin/xsd/surefire-test-report.xsd" name="js.wood.unit.ResourcesTest" time="0.002" tests="27" errors="0" skipped="0" failures="0">
  <properties>
[...]
</properties>
  <testcase name="sourceReaderBuilderPredicates" classname="js.wood.unit.ResourcesTest" time="0"/>
  <testcase name="sourceReaderBuilderGetReference" classname="js.wood.unit.ResourcesTest" time="0"/>
  <testcase name="variablesCircularReferences" classname="js.wood.unit.ResourcesTest" time="0"/>
  <testcase name="variablesMissingValue" classname="js.wood.unit.ResourcesTest" time="0"/>
  <testcase name="variablesBadResourceType" classname="js.wood.unit.ResourcesTest" time="0"/>
  <testcase name="sourceReaderBuilderGetExpression" classname="js.wood.unit.ResourcesTest" time="0"/>
  <testcase name="referenceParserConstructor" classname="js.wood.unit.ResourcesTest" time="0"/>
  <testcase name="valueReferencesResolverParse" classname="js.wood.unit.ResourcesTest" time="0"/>
  <testcase name="sourceReaderBuilderReferenceEndMark" classname="js.wood.unit.ResourcesTest" time="0"/>
  <testcase name="variablesLoadStyle" classname="js.wood.unit.ResourcesTest" time="0"/>
  <testcase name="sourceReaderReferenceHandler" classname="js.wood.unit.ResourcesTest" time="0"/>
  <testcase name="sourceReaderCopy" classname="js.wood.unit.ResourcesTest" time="0"/>
  <testcase name="variablesMultilanguage" classname="js.wood.unit.ResourcesTest" time="0"/>
  <testcase name="sourceReaderReaderConstructor" classname="js.wood.unit.ResourcesTest" time="0"/>
  <testcase name="variableStringWithFormattingTag" classname="js.wood.unit.ResourcesTest" time="0"/>
  <testcase name="variablesIncompleteConstructor" classname="js.wood.unit.ResourcesTest" time="0"/>
  <testcase name="referenceEquals" classname="js.wood.unit.ResourcesTest" time="0"/>
  <testcase name="variablesNestedValues" classname="js.wood.unit.ResourcesTest" time="0"/>
  <testcase name="sourceReaderFileConstructor" classname="js.wood.unit.ResourcesTest" time="0"/>
  <testcase name="sourceReaderBuilderGetParameter" classname="js.wood.unit.ResourcesTest" time="0"/>
  <testcase name="referenceIsValid" classname="js.wood.unit.ResourcesTest" time="0"/>
  <testcase name="variablesAssetConstructor" classname="js.wood.unit.ResourcesTest" time="0"/>
  <testcase name="referenceBadFormat" classname="js.wood.unit.ResourcesTest" time="0"/>
  <testcase name="referenceUnknownType" classname="js.wood.unit.ResourcesTest" time="0"/>
  <testcase name="referenceValuesConstructor" classname="js.wood.unit.ResourcesTest" time="0"/>
  <testcase name="variablesComponentConstructor" classname="js.wood.unit.ResourcesTest" time="0"/>
  <testcase name="variablesSelfReference" classname="js.wood.unit.ResourcesTest" time="0"/>
</testsuite>